<?xml version="1.0" encoding="UTF-8"?>
<testsuite xmlns:xsi="http://www.w3.org/2001/XMLSchema-instance" xsi:noNamespaceSchemaLocation="https://maven.apache.org/surefire/maven-surefire-plugin/xsd/surefire-test-report-3.0.xsd" version="3.0" name="org.runner.TestRunner" time="75.743" tests="5" errors="0" skipped="0" failures="0">
  <properties>
[...]
</properties>
  <testcase name="To validate Valid username and InValid Password" classname="To Validate the Login Functionality Of FaceBook Application" time="16.696">
    <system-out><![CDATA[login Unsucessful
]]></system-out>
  </testcase>
  <testcase name="To Validate Valid username and Valid Password" classname="To Validate the Login Functionality Of FaceBook Application" time="20.361">
    <system-out><![CDATA[login Successful
]]></system-out>
  </testcase>
  <testcase name="To Validate the username and password" classname="To Validate the Login Functionality Of FaceBook Application" time="16.653">
    <system-out><![CDATA[login Failure
]]></system-out>
  </testcase>
  <testcase name="To Validate the username and password" classname="To Validate the Login Functionality Of FaceBook Application" time="10.437">
    <system-out><![CDATA[login Unsucessful
]]></system-out>
  </testcase>
  <testcase name="To Validate the username and password" classname="To Validate the Login Functionality Of FaceBook Application" time="11.122">
    <system-out><![CDATA[login Successful
]]></system-out>
  </testcase>
</testsuite>